[debug] [2017-10-07T02:02:32.551Z] ----------------------------------------------------------------------
[debug] [2017-10-07T02:02:32.553Z] Command:       /usr/local/bin/node /usr/local/bin/firebase serve
[debug] [2017-10-07T02:02:32.554Z] CLI Version:   3.13.1
[debug] [2017-10-07T02:02:32.554Z] Platform:      darwin
[debug] [2017-10-07T02:02:32.554Z] Node Version:  v6.11.4
[debug] [2017-10-07T02:02:32.554Z] Time:          Fri Oct 06 2017 21:02:32 GMT-0500 (CDT)
[debug] [2017-10-07T02:02:32.554Z] ----------------------------------------------------------------------
[debug] 
[debug] [2017-10-07T02:02:32.564Z] > command requires scopes: ["email","openid","https://www.googleapis.com/auth/cloudplatformprojects.readonly","https://www.googleapis.com/auth/firebase","https://www.googleapis.com/auth/cloud-platform"]
[debug] [2017-10-07T02:02:32.564Z] > authorizing via signed-in user
[debug] [2017-10-07T02:02:32.566Z] > refreshing access token with scopes: ["email","https://www.googleapis.com/auth/cloud-platform","https://www.googleapis.com/auth/cloudplatformprojects.readonly","https://www.googleapis.com/auth/firebase","openid"]
[debug] [2017-10-07T02:02:32.566Z] >>> HTTP REQUEST POST https://www.googleapis.com/oauth2/v3/token { refresh_token: '1/qGg2Fc4cb5sJKL5cmLlSZt0TjXDdwGeByYamRpv3ovk',
  client_id: '563584335869-fgrhgmd47bqnekij5i8b5pr03ho849e6.apps.googleusercontent.com',
  client_secret: 'j9iVZfS8kkCEFUPaAeJV0sAi',
  grant_type: 'refresh_token',
  scope: 'email https://www.googleapis.com/auth/cloud-platform https://www.googleapis.com/auth/cloudplatformprojects.readonly https://www.googleapis.com/auth/firebase openid' } 
 Fri Oct 06 2017 21:02:32 GMT-0500 (CDT)
[debug] [2017-10-07T02:02:32.744Z] <<< HTTP RESPONSE 200
[debug] [2017-10-07T02:02:32.758Z] >>> HTTP REQUEST GET https://admin.firebase.com/v1/projects/brun3y-d3d2a  
 Fri Oct 06 2017 21:02:32 GMT-0500 (CDT)
[debug] [2017-10-07T02:02:33.113Z] <<< HTTP RESPONSE 200
[debug] [2017-10-07T02:02:33.114Z] >>> HTTP REQUEST GET https://admin.firebase.com/v1/database/brun3y-d3d2a/tokens  
 Fri Oct 06 2017 21:02:33 GMT-0500 (CDT)
[debug] [2017-10-07T02:02:33.875Z] <<< HTTP RESPONSE 200
[info] 
[info] === Serving from '/Users/brun3y/Documents/Projects/ItsMe'...
[info] 
[debug] [2017-10-07T02:02:33.878Z] >>> HTTP REQUEST GET https://cloudresourcemanager.googleapis.com/v1/projects/brun3y-d3d2a  
 Fri Oct 06 2017 21:02:33 GMT-0500 (CDT)
[debug] [2017-10-07T02:02:34.254Z] <<< HTTP RESPONSE 200
[debug] [2017-10-07T02:02:34.255Z] >>> HTTP REQUEST GET https://mobilesdk-pa.googleapis.com/v1/projects/988115924094/clients/_:getWebAppConfig  
 Fri Oct 06 2017 21:02:34 GMT-0500 (CDT)
[debug] [2017-10-07T02:02:34.566Z] <<< HTTP RESPONSE 200
[info] i  hosting: Serving hosting files from: ./public
[info] ✔  hosting: Local server: http://localhost:5000

[debug] [2017-10-07T02:19:31.106Z] ----------------------------------------------------------------------
[debug] [2017-10-07T02:19:31.108Z] Command:       /usr/local/bin/node /usr/local/bin/firebase serve
[debug] [2017-10-07T02:19:31.108Z] CLI Version:   3.13.1
[debug] [2017-10-07T02:19:31.108Z] Platform:      darwin
[debug] [2017-10-07T02:19:31.108Z] Node Version:  v6.11.4
[debug] [2017-10-07T02:19:31.109Z] Time:          Fri Oct 06 2017 21:19:31 GMT-0500 (CDT)
[debug] [2017-10-07T02:19:31.109Z] ----------------------------------------------------------------------
[debug] 
[debug] [2017-10-07T02:19:31.121Z] > command requires scopes: ["email","openid","https://www.googleapis.com/auth/cloudplatformprojects.readonly","https://www.googleapis.com/auth/firebase","https://www.googleapis.com/auth/cloud-platform"]
[debug] [2017-10-07T02:19:31.121Z] > authorizing via signed-in user
[debug] [2017-10-07T02:19:31.123Z] >>> HTTP REQUEST GET https://admin.firebase.com/v1/projects/brun3y-d3d2a  
 Fri Oct 06 2017 21:19:31 GMT-0500 (CDT)
[debug] [2017-10-07T02:19:31.601Z] <<< HTTP RESPONSE 200
[debug] [2017-10-07T02:19:31.603Z] >>> HTTP REQUEST GET https://admin.firebase.com/v1/database/brun3y-d3d2a/tokens  
 Fri Oct 06 2017 21:19:31 GMT-0500 (CDT)
[debug] [2017-10-07T02:19:32.104Z] <<< HTTP RESPONSE 200
[info] 
[info] === Serving from '/Users/brun3y/Documents/Projects/ItsMe'...
[info] 
[debug] [2017-10-07T02:19:32.107Z] >>> HTTP REQUEST GET https://cloudresourcemanager.googleapis.com/v1/projects/brun3y-d3d2a  
 Fri Oct 06 2017 21:19:32 GMT-0500 (CDT)
[debug] [2017-10-07T02:19:32.532Z] <<< HTTP RESPONSE 200
[debug] [2017-10-07T02:19:32.533Z] >>> HTTP REQUEST GET https://mobilesdk-pa.googleapis.com/v1/projects/988115924094/clients/_:getWebAppConfig  
 Fri Oct 06 2017 21:19:32 GMT-0500 (CDT)
[debug] [2017-10-07T02:19:32.899Z] <<< HTTP RESPONSE 200
[info] i  hosting: Serving hosting files from: ./public
[info] ✔  hosting: Local server: http://localhost:5000

